<!DOCTYPE suite SYSTEM "http://testng.org/testng-1.0.dtd" >

<suite name="AllTest" verbose="1">
    <listeners>
        <listener class-name = "util.TestListeners" />
    </listeners>
    <test name="AllTest">
        <classes>
                        <class name="SmokeTests"/>

        </classes>
    </test>
</suite>