<!DOCTYPE suite SYSTEM "http://testng.org/testng-1.0.dtd" >

<suite name="Regres" verbose="1">
    <test name="Regres">
        <classes>
            <!--            <class name="RegresTest"/>-->

        </classes>
    </test>
</suite>