<!DOCTYPE suite SYSTEM "http://testng.org/testng-1.0.dtd" >

<suite name="Unit" verbose="1">
    <test name="Unit">
        <classes>
            <!--            <class name="UnitTest" />-->

        </classes>
    </test>
</suite>